2020-08-12 13:09:11.697  INFO 33530 --- [restartedMain] o.s.boot.SpringApplication               : 
  .   ____          _            __ _ _
 /\\ / ___'_ __ _ _(_)_ __  __ _ \ \ \ \
( ( )\___ | '_ | '_| | '_ \/ _` | \ \ \ \
 \\/  ___)| |_)| | | | | || (_| |  ) ) ) )
  '  |____| .__|_| |_|_| |_\__, | / / / /
 =========|_|==============|___/=/_/_/_/
[32m :: Spring Boot :: [39m      [2m (v2.2.6.RELEASE)[0;39m


2020-08-12 13:09:11.831  INFO 33530 --- [restartedMain] com.foxminded.timetable.TimetableApp     : Starting TimetableApp on Tarass-MacBook-Air.local with PID 33530 (/Users/tarasshablii/Desktop/java/foxminded/workspace/university/university/target/classes started by tarasshablii in /Users/tarasshablii/Desktop/java/foxminded/workspace/university/university)
2020-08-12 13:09:11.834 DEBUG 33530 --- [restartedMain] com.foxminded.timetable.TimetableApp     : Running with Spring Boot v2.2.6.RELEASE, Spring v5.2.5.RELEASE
2020-08-12 13:09:11.835  INFO 33530 --- [restartedMain] com.foxminded.timetable.TimetableApp     : No active profile set, falling back to default profiles: default
2020-08-12 13:09:12.040  INFO 33530 --- [restartedMain] o.s.b.devtools.restart.ChangeableUrls    : The Class-Path manifest attribute in /Users/tarasshablii/.m2/repository/org/glassfish/jaxb/jaxb-runtime/2.3.2/jaxb-runtime-2.3.2.jar referenced one or more files that do not exist: file:/Users/tarasshablii/.m2/repository/org/glassfish/jaxb/jaxb-runtime/2.3.2/jakarta.xml.bind-api-2.3.2.jar,file:/Users/tarasshablii/.m2/repository/org/glassfish/jaxb/jaxb-runtime/2.3.2/txw2-2.3.2.jar,file:/Users/tarasshablii/.m2/repository/org/glassfish/jaxb/jaxb-runtime/2.3.2/istack-commons-runtime-3.0.8.jar,file:/Users/tarasshablii/.m2/repository/org/glassfish/jaxb/jaxb-runtime/2.3.2/stax-ex-1.8.1.jar,file:/Users/tarasshablii/.m2/repository/org/glassfish/jaxb/jaxb-runtime/2.3.2/FastInfoset-1.2.16.jar,file:/Users/tarasshablii/.m2/repository/org/glassfish/jaxb/jaxb-runtime/2.3.2/jakarta.activation-api-1.2.1.jar
2020-08-12 13:09:12.041  INFO 33530 --- [restartedMain] .e.DevToolsPropertyDefaultsPostProcessor : Devtools property defaults active! Set 'spring.devtools.add-properties' to 'false' to disable
2020-08-12 13:09:12.042  INFO 33530 --- [restartedMain] .e.DevToolsPropertyDefaultsPostProcessor : For additional web related logging consider setting the 'logging.level.web' property to 'DEBUG'
2020-08-12 13:09:13.831  INFO 33530 --- [restartedMain] .s.d.r.c.RepositoryConfigurationDelegate : Bootstrapping Spring Data JPA repositories in DEFAULT mode.
2020-08-12 13:09:13.998  INFO 33530 --- [restartedMain] .s.d.r.c.RepositoryConfigurationDelegate : Finished Spring Data repository scanning in 150ms. Found 8 JPA repository interfaces.
2020-08-12 13:09:14.945  INFO 33530 --- [restartedMain] o.s.b.w.embedded.tomcat.TomcatWebServer  : Tomcat initialized with port(s): 8080 (http)
2020-08-12 13:09:14.956  INFO 33530 --- [restartedMain] o.apache.catalina.core.StandardService   : Starting service [Tomcat]
2020-08-12 13:09:14.956  INFO 33530 --- [restartedMain] org.apache.catalina.core.StandardEngine  : Starting Servlet engine: [Apache Tomcat/9.0.33]
2020-08-12 13:09:15.112  INFO 33530 --- [restartedMain] o.a.c.c.C.[Tomcat].[localhost].[/]       : Initializing Spring embedded WebApplicationContext
2020-08-12 13:09:15.112  INFO 33530 --- [restartedMain] o.s.web.context.ContextLoader            : Root WebApplicationContext: initialization completed in 3070 ms
2020-08-12 13:09:15.178  INFO 33530 --- [restartedMain] com.zaxxer.hikari.HikariDataSource       : HikariPool-1 - Starting...
2020-08-12 13:09:15.516  INFO 33530 --- [restartedMain] com.zaxxer.hikari.HikariDataSource       : HikariPool-1 - Start completed.
2020-08-12 13:09:15.523  INFO 33530 --- [restartedMain] o.s.b.a.h2.H2ConsoleAutoConfiguration    : H2 console available at '/h2-console'. Database available at 'jdbc:h2:~/temp/data'
2020-08-12 13:09:15.637  INFO 33530 --- [restartedMain] o.f.c.internal.license.VersionPrinter    : Flyway Community Edition 6.0.8 by Redgate
2020-08-12 13:09:15.646  INFO 33530 --- [restartedMain] o.f.c.internal.database.DatabaseFactory  : Database: jdbc:h2:~/temp/data (H2 1.4)
2020-08-12 13:09:15.675  WARN 33530 --- [restartedMain] o.f.c.internal.database.base.Database    : Flyway upgrade recommended: H2 1.4.200 is newer than this version of Flyway and support has not been tested. The latest supported version of H2 is 1.4.199.
2020-08-12 13:09:15.748  INFO 33530 --- [restartedMain] o.f.core.internal.command.DbValidate     : Successfully validated 3 migrations (execution time 00:00.059s)
2020-08-12 13:09:15.778  INFO 33530 --- [restartedMain] o.f.core.internal.command.DbMigrate      : Current version of schema "public": 1.2
2020-08-12 13:09:15.781  INFO 33530 --- [restartedMain] o.f.core.internal.command.DbMigrate      : Schema "public" is up to date. No migration necessary.
2020-08-12 13:09:15.891  INFO 33530 --- [restartedMain] o.hibernate.jpa.internal.util.LogHelper  : HHH000204: Processing PersistenceUnitInfo [name: default]
2020-08-12 13:09:15.964  INFO 33530 --- [restartedMain] org.hibernate.Version                    : HHH000412: Hibernate ORM core version 5.4.12.Final
2020-08-12 13:09:16.096  INFO 33530 --- [restartedMain] o.hibernate.annotations.common.Version   : HCANN000001: Hibernate Commons Annotations {5.1.0.Final}
2020-08-12 13:09:16.228  INFO 33530 --- [restartedMain] org.hibernate.dialect.Dialect            : HHH000400: Using dialect: org.hibernate.dialect.H2Dialect
2020-08-12 13:09:17.287  INFO 33530 --- [restartedMain] o.h.e.t.j.p.i.JtaPlatformInitiator       : HHH000490: Using JtaPlatform implementation: [org.hibernate.engine.transaction.jta.platform.internal.NoJtaPlatform]
2020-08-12 13:09:17.336  INFO 33530 --- [restartedMain] j.LocalContainerEntityManagerFactoryBean : Initialized JPA EntityManagerFactory for persistence unit 'default'
2020-08-12 13:09:18.955  WARN 33530 --- [restartedMain] JpaBaseConfiguration$JpaWebConfiguration : spring.jpa.open-in-view is enabled by default. Therefore, database queries may be performed during view rendering. Explicitly configure spring.jpa.open-in-view to disable this warning
2020-08-12 13:09:19.117  INFO 33530 --- [restartedMain] o.s.s.concurrent.ThreadPoolTaskExecutor  : Initializing ExecutorService 'applicationTaskExecutor'
2020-08-12 13:09:19.268  INFO 33530 --- [restartedMain] o.s.b.a.w.s.WelcomePageHandlerMapping    : Adding welcome page template: index
2020-08-12 13:09:20.190  INFO 33530 --- [restartedMain] o.s.b.d.a.OptionalLiveReloadServer       : LiveReload server is running on port 35729
2020-08-12 13:09:20.243  INFO 33530 --- [restartedMain] c.f.t.s.model.generator.DataGenerator    : Resetting sequences...
2020-08-12 13:09:20.279  INFO 33530 --- [restartedMain] c.f.t.s.model.generator.DataGenerator    : Refreshing all data...
2020-08-12 13:09:20.344 DEBUG 33530 --- [restartedMain] c.f.t.service.ReschedulingOptionService  : Removing all options
2020-08-12 13:09:20.397 DEBUG 33530 --- [restartedMain] c.f.timetable.service.ScheduleService    : Removing all schedules
2020-08-12 13:09:20.403 DEBUG 33530 --- [restartedMain] c.f.t.service.ScheduleTemplateService    : Removing all templates
2020-08-12 13:09:20.443 DEBUG 33530 --- [restartedMain] c.f.timetable.service.AuditoriumService  : Removing all auditoriums
2020-08-12 13:09:20.454 DEBUG 33530 --- [restartedMain] c.f.timetable.service.CourseService      : Removing all courses
2020-08-12 13:09:20.462 DEBUG 33530 --- [restartedMain] c.f.timetable.service.GroupService       : Removing all groups
2020-08-12 13:09:20.481 DEBUG 33530 --- [restartedMain] c.f.timetable.service.ProfessorService   : Removing all professors
2020-08-12 13:09:20.486 DEBUG 33530 --- [restartedMain] c.f.timetable.service.StudentService     : Removing all students
2020-08-12 13:09:20.488  INFO 33530 --- [restartedMain] c.f.t.s.m.g.UniversityModelGenerator     : Generating university model...
2020-08-12 13:09:20.489 DEBUG 33530 --- [restartedMain] c.f.t.s.m.g.UniversityModelGenerator     : Auditoriums generated
2020-08-12 13:09:20.516 DEBUG 33530 --- [restartedMain] c.f.timetable.service.AuditoriumService  : Saving auditoriums to repository
2020-08-12 13:09:20.564 DEBUG 33530 --- [restartedMain] c.f.t.s.m.g.UniversityModelGenerator     : Courses generated
2020-08-12 13:09:20.569 DEBUG 33530 --- [restartedMain] c.f.timetable.service.CourseService      : Saving courses to repository
2020-08-12 13:09:20.576 DEBUG 33530 --- [restartedMain] c.f.t.s.m.g.UniversityModelGenerator     : Professors generated
2020-08-12 13:09:20.579 DEBUG 33530 --- [restartedMain] c.f.t.s.m.g.UniversityModelGenerator     : Courses assigned to professors
2020-08-12 13:09:20.590 DEBUG 33530 --- [restartedMain] c.f.timetable.service.ProfessorService   : Saving professors to repository
2020-08-12 13:09:20.600 DEBUG 33530 --- [restartedMain] c.f.t.s.m.g.UniversityModelGenerator     : Groups generated
2020-08-12 13:09:20.607 DEBUG 33530 --- [restartedMain] c.f.timetable.service.GroupService       : Saving groups to repository
2020-08-12 13:09:20.613 DEBUG 33530 --- [restartedMain] c.f.t.s.m.g.UniversityModelGenerator     : Students generated
2020-08-12 13:09:20.626 DEBUG 33530 --- [restartedMain] c.f.t.s.m.g.UniversityModelGenerator     : Students grouped
2020-08-12 13:09:20.731 DEBUG 33530 --- [restartedMain] c.f.timetable.service.StudentService     : Saving students to repository
2020-08-12 13:09:20.776  INFO 33530 --- [restartedMain] c.f.t.s.m.g.UniversityModelGenerator     : University model generated
2020-08-12 13:09:20.777  INFO 33530 --- [restartedMain] c.f.t.s.m.g.TimetableModelGenerator      : Generating timetable model...
2020-08-12 13:09:20.777 DEBUG 33530 --- [restartedMain] c.f.timetable.service.GroupService       : Fetching groups from repository
2020-08-12 13:09:20.950 DEBUG 33530 --- [restartedMain] c.f.timetable.service.CourseService      : Fetching courses from repository
2020-08-12 13:09:20.960 DEBUG 33530 --- [restartedMain] c.f.timetable.service.ProfessorService   : Fetching professors from repository
2020-08-12 13:09:20.968 DEBUG 33530 --- [restartedMain] c.f.timetable.service.AuditoriumService  : Fetching auditoriums from repository
2020-08-12 13:09:20.974 DEBUG 33530 --- [restartedMain] c.f.t.s.m.g.TimetableModelGenerator      : Rescheduling options generated
2020-08-12 13:09:20.983 DEBUG 33530 --- [restartedMain] c.f.t.service.ReschedulingOptionService  : Saving options to repository
2020-08-12 13:09:21.013 DEBUG 33530 --- [restartedMain] c.f.t.s.m.g.TimetableModelGenerator      : Schedule templates generated
2020-08-12 13:09:21.038 DEBUG 33530 --- [restartedMain] c.f.t.service.ScheduleTemplateService    : Saving templates to repository
2020-08-12 13:09:21.049  INFO 33530 --- [restartedMain] c.f.t.s.m.g.TimetableModelGenerator      : Timetable model generated
2020-08-12 13:09:21.138  INFO 33530 --- [restartedMain] o.s.b.w.embedded.tomcat.TomcatWebServer  : Tomcat started on port(s): 8080 (http) with context path ''
2020-08-12 13:09:21.141  INFO 33530 --- [restartedMain] com.foxminded.timetable.TimetableApp     : Started TimetableApp in 10.169 seconds (JVM running for 11.936)
2020-08-12 13:09:25.380  INFO 33530 --- [http-nio-8080-exec-1] o.a.c.c.C.[Tomcat].[localhost].[/]       : Initializing Spring DispatcherServlet 'dispatcherServlet'
2020-08-12 13:09:25.382  INFO 33530 --- [http-nio-8080-exec-1] o.s.web.servlet.DispatcherServlet        : Initializing Servlet 'dispatcherServlet'
2020-08-12 13:09:25.392  INFO 33530 --- [http-nio-8080-exec-1] o.s.web.servlet.DispatcherServlet        : Completed initialization in 10 ms
2020-08-12 13:09:37.947  INFO 33530 --- [http-nio-8080-exec-5] o.springdoc.api.AbstractOpenApiResource  : Init duration for springdoc-openapi is: 2484 ms
2020-08-12 13:11:31.615  INFO 33530 --- [SpringContextShutdownHook] o.s.s.concurrent.ThreadPoolTaskExecutor  : Shutting down ExecutorService 'applicationTaskExecutor'
2020-08-12 13:11:31.619  INFO 33530 --- [SpringContextShutdownHook] j.LocalContainerEntityManagerFactoryBean : Closing JPA EntityManagerFactory for persistence unit 'default'
2020-08-12 13:11:31.623  INFO 33530 --- [SpringContextShutdownHook] com.zaxxer.hikari.HikariDataSource       : HikariPool-1 - Shutdown initiated...
2020-08-12 13:11:31.628  INFO 33530 --- [SpringContextShutdownHook] com.zaxxer.hikari.HikariDataSource       : HikariPool-1 - Shutdown completed.
